[0.000000] (-) TimerEvent: {}
[0.000189] (-) JobUnselected: {'identifier': 'status_interfaces'}
[0.000326] (-) JobUnselected: {'identifier': 'status_publisher'}
[0.000344] (status_display) JobQueued: {'identifier': 'status_display', 'dependencies': OrderedDict([('status_interfaces', '/media/dubhe/store/learning/ros2_learning_experience/chapter3/topic_practise_ws/src/install/status_interfaces')])}
[0.000523] (status_display) JobStarted: {'identifier': 'status_display'}
[0.006995] (status_display) JobProgress: {'identifier': 'status_display', 'progress': 'cmake'}
[0.007334] (status_display) JobProgress: {'identifier': 'status_display', 'progress': 'build'}
[0.007882] (status_display) Command: {'cmd': ['/usr/bin/cmake', '--build', '/media/dubhe/store/learning/ros2_learning_experience/chapter3/topic_practise_ws/src/build/status_display', '--', '-j16', '-l16'], 'cwd': '/media/dubhe/store/learning/ros2_learning_experience/chapter3/topic_practise_ws/src/build/status_display', 'env': OrderedDict([('GJS_DEBUG_TOPICS', 'JS ERROR;JS LOG'), ('PYTHON_BASIC_REPL', '1'), ('LESSOPEN', '| /usr/bin/lesspipe %s'), ('LANGUAGE', 'zh_CN:zh'), ('USER', 'dubhe'), ('XDG_SESSION_TYPE', 'x11'), ('GIT_ASKPASS', '/usr/share/code/resources/app/extensions/git/dist/askpass.sh'), ('SHLVL', '1'), ('LD_LIBRARY_PATH', '/media/dubhe/store/learning/ros2_learning_experience/chapter3/topic_practise_ws/src/install/status_interfaces/lib:/opt/ros/humble/opt/rviz_ogre_vendor/lib:/opt/ros/humble/lib/x86_64-linux-gnu:/opt/ros/humble/lib'), ('HOME', '/home/dubhe'), ('CHROME_DESKTOP', 'code.desktop'), ('OLDPWD', '/media/dubhe/store/learning/ros2_learning_experience/chapter3/topic_practise_ws'), ('TERM_PROGRAM_VERSION', '1.106.0'), ('DESKTOP_SESSION', 'ubuntu'), ('GIO_LAUNCHED_DESKTOP_FILE', '/usr/share/applications/code.desktop'), ('ROS_PYTHON_VERSION', '3'), ('GNOME_SHELL_SESSION_MODE', 'ubuntu'), ('GTK_MODULES', 'gail:atk-bridge'), ('VSCODE_GIT_ASKPASS_MAIN', '/usr/share/code/resources/app/extensions/git/dist/askpass-main.js'), ('VSCODE_GIT_ASKPASS_NODE', '/usr/share/code/code'), ('MANAGERPID', '2096'), ('PYDEVD_DISABLE_FILE_VALIDATION', '1'), ('SYSTEMD_EXEC_PID', '2451'), ('BUNDLED_DEBUGPY_PATH', '/home/dubhe/.vscode/extensions/ms-python.debugpy-2025.16.0/bundled/libs/debugpy'), ('VSCODE_PYTHON_AUTOACTIVATE_GUARD', '1'), ('DBUS_SESSION_BUS_ADDRESS', 'unix:path=/run/user/1000/bus'), ('COLORTERM', 'truecolor'), ('GIO_LAUNCHED_DESKTOP_FILE_PID', '3763'), ('MANDATORY_PATH', '/usr/share/gconf/ubuntu.mandatory.path'), ('ROS_DISTRO', 'humble'), ('GTK_IM_MODULE', 'ibus'), ('LOGNAME', 'dubhe'), ('JOURNAL_STREAM', '8:21938'), ('_', '/usr/bin/colcon'), ('ROS_VERSION', '2'), ('XDG_SESSION_CLASS', 'user'), ('DEFAULTS_PATH', '/usr/share/gconf/ubuntu.default.path'), ('USERNAME', 'dubhe'), ('TERM', 'xterm-256color'), ('GNOME_DESKTOP_SESSION_ID', 'this-is-deprecated'), ('ROS_LOCALHOST_ONLY', '0'), ('WINDOWPATH', '2'), ('PATH', '/home/dubhe/.config/Code/User/globalStorage/github.copilot-chat/debugCommand:/home/dubhe/.config/Code/User/globalStorage/github.copilot-chat/copilotCli:/opt/ros/humble/bin:/usr/local/sbin:/usr/local/bin:/usr/sbin:/usr/bin:/sbin:/bin:/usr/games:/usr/local/games:/snap/bin:/snap/bin:/home/dubhe/.vscode/extensions/ms-python.debugpy-2025.16.0/bundled/scripts/noConfigScripts'), ('SESSION_MANAGER', 'local/dubhe-Alienware-m15-R6:@/tmp/.ICE-unix/2424,unix/dubhe-Alienware-m15-R6:/tmp/.ICE-unix/2424'), ('INVOCATION_ID', '8b0090246224402e94d683be8a78de33'), ('XDG_MENU_PREFIX', 'gnome-'), ('XDG_RUNTIME_DIR', '/run/user/1000'), ('GDK_BACKEND', 'x11'), ('DISPLAY', ':1'), ('VSCODE_DEBUGPY_ADAPTER_ENDPOINTS', '/home/dubhe/.vscode/extensions/ms-python.debugpy-2025.16.0/.noConfigDebugAdapterEndpoints/endpoint-1d17111869ec85c0.txt'), ('LANG', 'zh_CN.UTF-8'), ('XDG_CURRENT_DESKTOP', 'Unity'), ('PYTHONSTARTUP', '/home/dubhe/.config/Code/User/workspaceStorage/4f8120ef81439a5c0386561915d70b95/ms-python.python/pythonrc.py'), ('XMODIFIERS', '@im=ibus'), ('XDG_SESSION_DESKTOP', 'ubuntu'), ('XAUTHORITY', '/run/user/1000/gdm/Xauthority'), ('LS_COLORS', 'rs=0:di=01;34:ln=01;36:mh=00:pi=40;33:so=01;35:do=01;35:bd=40;33;01:cd=40;33;01:or=40;31;01:mi=00:su=37;41:sg=30;43:ca=30;41:tw=30;42:ow=34;42:st=37;44:ex=01;32:*.tar=01;31:*.tgz=01;31:*.arc=01;31:*.arj=01;31:*.taz=01;31:*.lha=01;31:*.lz4=01;31:*.lzh=01;31:*.lzma=01;31:*.tlz=01;31:*.txz=01;31:*.tzo=01;31:*.t7z=01;31:*.zip=01;31:*.z=01;31:*.dz=01;31:*.gz=01;31:*.lrz=01;31:*.lz=01;31:*.lzo=01;31:*.xz=01;31:*.zst=01;31:*.tzst=01;31:*.bz2=01;31:*.bz=01;31:*.tbz=01;31:*.tbz2=01;31:*.tz=01;31:*.deb=01;31:*.rpm=01;31:*.jar=01;31:*.war=01;31:*.ear=01;31:*.sar=01;31:*.rar=01;31:*.alz=01;31:*.ace=01;31:*.zoo=01;31:*.cpio=01;31:*.7z=01;31:*.rz=01;31:*.cab=01;31:*.wim=01;31:*.swm=01;31:*.dwm=01;31:*.esd=01;31:*.jpg=01;35:*.jpeg=01;35:*.mjpg=01;35:*.mjpeg=01;35:*.gif=01;35:*.bmp=01;35:*.pbm=01;35:*.pgm=01;35:*.ppm=01;35:*.tga=01;35:*.xbm=01;35:*.xpm=01;35:*.tif=01;35:*.tiff=01;35:*.png=01;35:*.svg=01;35:*.svgz=01;35:*.mng=01;35:*.pcx=01;35:*.mov=01;35:*.mpg=01;35:*.mpeg=01;35:*.m2v=01;35:*.mkv=01;35:*.webm=01;35:*.webp=01;35:*.ogm=01;35:*.mp4=01;35:*.m4v=01;35:*.mp4v=01;35:*.vob=01;35:*.qt=01;35:*.nuv=01;35:*.wmv=01;35:*.asf=01;35:*.rm=01;35:*.rmvb=01;35:*.flc=01;35:*.avi=01;35:*.fli=01;35:*.flv=01;35:*.gl=01;35:*.dl=01;35:*.xcf=01;35:*.xwd=01;35:*.yuv=01;35:*.cgm=01;35:*.emf=01;35:*.ogv=01;35:*.ogx=01;35:*.aac=00;36:*.au=00;36:*.flac=00;36:*.m4a=00;36:*.mid=00;36:*.midi=00;36:*.mka=00;36:*.mp3=00;36:*.mpc=00;36:*.ogg=00;36:*.ra=00;36:*.wav=00;36:*.oga=00;36:*.opus=00;36:*.spx=00;36:*.xspf=00;36:'), ('VSCODE_GIT_IPC_HANDLE', '/run/user/1000/vscode-git-812cc44a21.sock'), ('TERM_PROGRAM', 'vscode'), ('SSH_AGENT_LAUNCHER', 'gnome-keyring'), ('SSH_AUTH_SOCK', '/run/user/1000/keyring/ssh'), ('AMENT_PREFIX_PATH', '/media/dubhe/store/learning/ros2_learning_experience/chapter3/topic_practise_ws/src/install/status_interfaces:/opt/ros/humble'), ('ORIGINAL_XDG_CURRENT_DESKTOP', 'ubuntu:GNOME'), ('SHELL', '/bin/bash'), ('QT_ACCESSIBILITY', '1'), ('GDMSESSION', 'ubuntu'), ('LESSCLOSE', '/usr/bin/lesspipe %s %s'), ('GPG_AGENT_INFO', '/run/user/1000/gnupg/S.gpg-agent:0:1'), ('GJS_DEBUG_OUTPUT', 'stderr'), ('VSCODE_GIT_ASKPASS_EXTRA_ARGS', ''), ('QT_IM_MODULE', 'ibus'), ('PWD', '/media/dubhe/store/learning/ros2_learning_experience/chapter3/topic_practise_ws/src/build/status_display'), ('XDG_CONFIG_DIRS', '/etc/xdg/xdg-ubuntu:/etc/xdg'), ('XDG_DATA_DIRS', '/usr/share/ubuntu:/usr/share/gnome:/usr/local/share/:/usr/share/:/var/lib/snapd/desktop'), ('PYTHONPATH', '/media/dubhe/store/learning/ros2_learning_experience/chapter3/topic_practise_ws/src/install/status_interfaces/local/lib/python3.10/dist-packages:/opt/ros/humble/lib/python3.10/site-packages:/opt/ros/humble/local/lib/python3.10/dist-packages'), ('COLCON', '1'), ('CMAKE_PREFIX_PATH', '/media/dubhe/store/learning/ros2_learning_experience/chapter3/topic_practise_ws/src/install/status_interfaces:/opt/ros/humble')]), 'shell': False}
[0.037209] (status_display) StdoutLine: {'line': b'\x1b[35m\x1b[1mConsolidate compiler generated dependencies of target hello_qt\x1b[0m\n'}
[0.044123] (status_display) StdoutLine: {'line': b'[ 25%] \x1b[32mBuilding CXX object CMakeFiles/sys_status_display.dir/src/sys_status_display.cpp.o\x1b[0m\n'}
[0.045478] (status_display) StdoutLine: {'line': b'[ 75%] Built target hello_qt\n'}
[0.099799] (-) TimerEvent: {}
[0.200190] (-) TimerEvent: {}
[0.300689] (-) TimerEvent: {}
[0.400971] (-) TimerEvent: {}
[0.501296] (-) TimerEvent: {}
[0.601572] (-) TimerEvent: {}
[0.701914] (-) TimerEvent: {}
[0.802210] (-) TimerEvent: {}
[0.902568] (-) TimerEvent: {}
[1.002897] (-) TimerEvent: {}
[1.103191] (-) TimerEvent: {}
[1.203534] (-) TimerEvent: {}
[1.303930] (-) TimerEvent: {}
[1.404229] (-) TimerEvent: {}
[1.504625] (-) TimerEvent: {}
[1.604932] (-) TimerEvent: {}
[1.705322] (-) TimerEvent: {}
[1.805651] (-) TimerEvent: {}
[1.906052] (-) TimerEvent: {}
[2.006349] (-) TimerEvent: {}
[2.048144] (status_display) StderrLine: {'line': b'\x1b[01m\x1b[K/media/dubhe/store/learning/ros2_learning_experience/chapter3/topic_practise_ws/src/status_display/src/sys_status_display.cpp:17:5:\x1b[m\x1b[K \x1b[01;31m\x1b[Kerror: \x1b[m\x1b[K\xe2\x80\x98\x1b[01m\x1b[KQstring\x1b[m\x1b[K\xe2\x80\x99 does not name a type; did you mean \xe2\x80\x98\x1b[01m\x1b[KQString\x1b[m\x1b[K\xe2\x80\x99?\n'}
[2.048370] (status_display) StderrLine: {'line': b'   17 |     \x1b[01;31m\x1b[KQstring\x1b[m\x1b[K get_qstr_form_msg(const SystemStatus::SharedPtr msg){\n'}
[2.048414] (status_display) StderrLine: {'line': b'      |     \x1b[01;31m\x1b[K^~~~~~~\x1b[m\x1b[K\n'}
[2.048448] (status_display) StderrLine: {'line': b'      |     \x1b[32m\x1b[KQString\x1b[m\x1b[K\n'}
[2.049066] (status_display) StderrLine: {'line': b'\x1b[01m\x1b[K/media/dubhe/store/learning/ros2_learning_experience/chapter3/topic_practise_ws/src/status_display/src/sys_status_display.cpp:33:30:\x1b[m\x1b[K \x1b[01;31m\x1b[Kerror: \x1b[m\x1b[K\xe2\x80\x98\x1b[01m\x1b[KSystemStatus\x1b[m\x1b[K\xe2\x80\x99 was not declared in this scope; did you mean \xe2\x80\x98\x1b[01m\x1b[Kstatus_interfaces::msg::SystemStatus\x1b[m\x1b[K\xe2\x80\x99?\n'}
[2.049126] (status_display) StderrLine: {'line': b'   33 |         rclcpp::Subscription<\x1b[01;31m\x1b[KSystemStatus\x1b[m\x1b[K>::SharedPtr subscription_;\n'}
[2.049162] (status_display) StderrLine: {'line': b'      |                              \x1b[01;31m\x1b[K^~~~~~~~~~~~\x1b[m\x1b[K\n'}
[2.049201] (status_display) StderrLine: {'line': b'      |                              \x1b[32m\x1b[Kstatus_interfaces::msg::SystemStatus\x1b[m\x1b[K\n'}
[2.049271] (status_display) StderrLine: {'line': b'In file included from \x1b[01m\x1b[K/media/dubhe/store/learning/ros2_learning_experience/chapter3/topic_practise_ws/src/install/status_interfaces/include/status_interfaces/status_interfaces/msg/system_status.hpp:7\x1b[m\x1b[K,\n'}
[2.049320] (status_display) StderrLine: {'line': b'                 from \x1b[01m\x1b[K/media/dubhe/store/learning/ros2_learning_experience/chapter3/topic_practise_ws/src/status_display/src/sys_status_display.cpp:5\x1b[m\x1b[K:\n'}
[2.049356] (status_display) StderrLine: {'line': b'\x1b[01m\x1b[K/media/dubhe/store/learning/ros2_learning_experience/chapter3/topic_practise_ws/src/install/status_interfaces/include/status_interfaces/status_interfaces/msg/detail/system_status__struct.hpp:224:7:\x1b[m\x1b[K \x1b[01;36m\x1b[Knote: \x1b[m\x1b[K\xe2\x80\x98\x1b[01m\x1b[Kstatus_interfaces::msg::SystemStatus\x1b[m\x1b[K\xe2\x80\x99 declared here\n'}
[2.049523] (status_display) StderrLine: {'line': b'  224 | using \x1b[01;36m\x1b[KSystemStatus\x1b[m\x1b[K =\n'}
[2.049591] (status_display) StderrLine: {'line': b'      |       \x1b[01;36m\x1b[K^~~~~~~~~~~~\x1b[m\x1b[K\n'}
[2.049629] (status_display) StderrLine: {'line': b'\x1b[01m\x1b[K/media/dubhe/store/learning/ros2_learning_experience/chapter3/topic_practise_ws/src/status_display/src/sys_status_display.cpp:33:42:\x1b[m\x1b[K \x1b[01;31m\x1b[Kerror: \x1b[m\x1b[Ktemplate argument 1 is invalid\n'}
[2.049664] (status_display) StderrLine: {'line': b'   33 |         rclcpp::Subscription<SystemStatus\x1b[01;31m\x1b[K>\x1b[m\x1b[K::SharedPtr subscription_;\n'}
[2.049703] (status_display) StderrLine: {'line': b'      |                                          \x1b[01;31m\x1b[K^\x1b[m\x1b[K\n'}
[2.049737] (status_display) StderrLine: {'line': b'\x1b[01m\x1b[K/media/dubhe/store/learning/ros2_learning_experience/chapter3/topic_practise_ws/src/status_display/src/sys_status_display.cpp:33:42:\x1b[m\x1b[K \x1b[01;31m\x1b[Kerror: \x1b[m\x1b[Ktemplate argument 3 is invalid\n'}
[2.049775] (status_display) StderrLine: {'line': b'\x1b[01m\x1b[K/media/dubhe/store/learning/ros2_learning_experience/chapter3/topic_practise_ws/src/status_display/src/sys_status_display.cpp:33:42:\x1b[m\x1b[K \x1b[01;31m\x1b[Kerror: \x1b[m\x1b[Ktemplate argument 4 is invalid\n'}
[2.049805] (status_display) StderrLine: {'line': b'\x1b[01m\x1b[K/media/dubhe/store/learning/ros2_learning_experience/chapter3/topic_practise_ws/src/status_display/src/sys_status_display.cpp:33:42:\x1b[m\x1b[K \x1b[01;31m\x1b[Kerror: \x1b[m\x1b[Ktemplate argument 5 is invalid\n'}
[2.049837] (status_display) StderrLine: {'line': b'\x1b[01m\x1b[K/media/dubhe/store/learning/ros2_learning_experience/chapter3/topic_practise_ws/src/status_display/src/sys_status_display.cpp:33:45:\x1b[m\x1b[K \x1b[01;31m\x1b[Kerror: \x1b[m\x1b[Kexpected \xe2\x80\x98\x1b[01m\x1b[K;\x1b[m\x1b[K\xe2\x80\x99 at end of member declaration\n'}
[2.049876] (status_display) StderrLine: {'line': b'   33 |         rclcpp::Subscription<SystemStatus>::\x1b[01;31m\x1b[KSharedPtr\x1b[m\x1b[K subscription_;\n'}
[2.049906] (status_display) StderrLine: {'line': b'      |                                             \x1b[01;31m\x1b[K^~~~~~~~~\x1b[m\x1b[K\n'}
[2.049938] (status_display) StderrLine: {'line': b'      |                                                      \x1b[32m\x1b[K;\x1b[m\x1b[K\n'}
[2.051778] (status_display) StderrLine: {'line': b'\x1b[01m\x1b[K/media/dubhe/store/learning/ros2_learning_experience/chapter3/topic_practise_ws/src/status_display/src/sys_status_display.cpp:33:55:\x1b[m\x1b[K \x1b[01;31m\x1b[Kerror: \x1b[m\x1b[K\xe2\x80\x98\x1b[01m\x1b[Ksubscription_\x1b[m\x1b[K\xe2\x80\x99 does not name a type; did you mean \xe2\x80\x98\x1b[01m\x1b[Krmw_subscription_t\x1b[m\x1b[K\xe2\x80\x99?\n'}
[2.051852] (status_display) StderrLine: {'line': b'   33 |         rclcpp::Subscription<SystemStatus>::SharedPtr \x1b[01;31m\x1b[Ksubscription_\x1b[m\x1b[K;\n'}
[2.051889] (status_display) StderrLine: {'line': b'      |                                                       \x1b[01;31m\x1b[K^~~~~~~~~~~~~\x1b[m\x1b[K\n'}
[2.051922] (status_display) StderrLine: {'line': b'      |                                                       \x1b[32m\x1b[Krmw_subscription_t\x1b[m\x1b[K\n'}
[2.058205] (status_display) StderrLine: {'line': b'\x1b[01m\x1b[K/media/dubhe/store/learning/ros2_learning_experience/chapter3/topic_practise_ws/src/status_display/src/sys_status_display.cpp:\x1b[m\x1b[K In constructor \xe2\x80\x98\x1b[01m\x1b[KSysStatusDisplay::SysStatusDisplay()\x1b[m\x1b[K\xe2\x80\x99:\n'}
[2.058336] (status_display) StderrLine: {'line': b'\x1b[01m\x1b[K/media/dubhe/store/learning/ros2_learning_experience/chapter3/topic_practise_ws/src/status_display/src/sys_status_display.cpp:10:13:\x1b[m\x1b[K \x1b[01;31m\x1b[Kerror: \x1b[m\x1b[K\xe2\x80\x98\x1b[01m\x1b[Ksubscription_\x1b[m\x1b[K\xe2\x80\x99 was not declared in this scope; did you mean \xe2\x80\x98\x1b[01m\x1b[Krmw_subscription_t\x1b[m\x1b[K\xe2\x80\x99?\n'}
[2.058380] (status_display) StderrLine: {'line': b'   10 |             \x1b[01;31m\x1b[Ksubscription_\x1b[m\x1b[K = this->create_subscription<SystemStatus>(\n'}
[2.058416] (status_display) StderrLine: {'line': b'      |             \x1b[01;31m\x1b[K^~~~~~~~~~~~~\x1b[m\x1b[K\n'}
[2.058449] (status_display) StderrLine: {'line': b'      |             \x1b[32m\x1b[Krmw_subscription_t\x1b[m\x1b[K\n'}
[2.058765] (status_display) StderrLine: {'line': b'\x1b[01m\x1b[K/media/dubhe/store/learning/ros2_learning_experience/chapter3/topic_practise_ws/src/status_display/src/sys_status_display.cpp:10:55:\x1b[m\x1b[K \x1b[01;31m\x1b[Kerror: \x1b[m\x1b[K\xe2\x80\x98\x1b[01m\x1b[KSystemStatus\x1b[m\x1b[K\xe2\x80\x99 was not declared in this scope; did you mean \xe2\x80\x98\x1b[01m\x1b[Kstatus_interfaces::msg::SystemStatus\x1b[m\x1b[K\xe2\x80\x99?\n'}
[2.058879] (status_display) StderrLine: {'line': b'   10 |             subscription_ = this->create_subscription<\x1b[01;31m\x1b[KSystemStatus\x1b[m\x1b[K>(\n'}
[2.058916] (status_display) StderrLine: {'line': b'      |                                                       \x1b[01;31m\x1b[K^~~~~~~~~~~~\x1b[m\x1b[K\n'}
[2.058949] (status_display) StderrLine: {'line': b'      |                                                       \x1b[32m\x1b[Kstatus_interfaces::msg::SystemStatus\x1b[m\x1b[K\n'}
[2.058981] (status_display) StderrLine: {'line': b'In file included from \x1b[01m\x1b[K/media/dubhe/store/learning/ros2_learning_experience/chapter3/topic_practise_ws/src/install/status_interfaces/include/status_interfaces/status_interfaces/msg/system_status.hpp:7\x1b[m\x1b[K,\n'}
[2.059014] (status_display) StderrLine: {'line': b'                 from \x1b[01m\x1b[K/media/dubhe/store/learning/ros2_learning_experience/chapter3/topic_practise_ws/src/status_display/src/sys_status_display.cpp:5\x1b[m\x1b[K:\n'}
[2.059051] (status_display) StderrLine: {'line': b'\x1b[01m\x1b[K/media/dubhe/store/learning/ros2_learning_experience/chapter3/topic_practise_ws/src/install/status_interfaces/include/status_interfaces/status_interfaces/msg/detail/system_status__struct.hpp:224:7:\x1b[m\x1b[K \x1b[01;36m\x1b[Knote: \x1b[m\x1b[K\xe2\x80\x98\x1b[01m\x1b[Kstatus_interfaces::msg::SystemStatus\x1b[m\x1b[K\xe2\x80\x99 declared here\n'}
[2.059090] (status_display) StderrLine: {'line': b'  224 | using \x1b[01;36m\x1b[KSystemStatus\x1b[m\x1b[K =\n'}
[2.059121] (status_display) StderrLine: {'line': b'      |       \x1b[01;36m\x1b[K^~~~~~~~~~~~\x1b[m\x1b[K\n'}
[2.061465] (status_display) StderrLine: {'line': b'\x1b[01m\x1b[K/media/dubhe/store/learning/ros2_learning_experience/chapter3/topic_practise_ws/src/status_display/src/sys_status_display.cpp:11:45:\x1b[m\x1b[K \x1b[01;31m\x1b[Kerror: \x1b[m\x1b[K\xe2\x80\x98\x1b[01m\x1b[KSystemStatus\x1b[m\x1b[K\xe2\x80\x99 does not name a type\n'}
[2.061639] (status_display) StderrLine: {'line': b'   11 |                 "sys_status", 10, [&](const \x1b[01;31m\x1b[KSystemStatus\x1b[m\x1b[K::SharedPtr msg) -> void{\n'}
[2.061680] (status_display) StderrLine: {'line': b'      |                                             \x1b[01;31m\x1b[K^~~~~~~~~~~~\x1b[m\x1b[K\n'}
[2.061719] (status_display) StderrLine: {'line': b'\x1b[01m\x1b[K/media/dubhe/store/learning/ros2_learning_experience/chapter3/topic_practise_ws/src/status_display/src/sys_status_display.cpp:\x1b[m\x1b[K In lambda function:\n'}
[2.061759] (status_display) StderrLine: {'line': b'\x1b[01m\x1b[K/media/dubhe/store/learning/ros2_learning_experience/chapter3/topic_practise_ws/src/status_display/src/sys_status_display.cpp:13:19:\x1b[m\x1b[K \x1b[01;31m\x1b[Kerror: \x1b[m\x1b[Kexpected \xe2\x80\x98\x1b[01m\x1b[K{\x1b[m\x1b[K\xe2\x80\x99 before \xe2\x80\x98\x1b[01m\x1b[K;\x1b[m\x1b[K\xe2\x80\x99 token\n'}
[2.061798] (status_display) StderrLine: {'line': b'   13 |                 })\x1b[01;31m\x1b[K;\x1b[m\x1b[K\n'}
[2.061830] (status_display) StderrLine: {'line': b'      |                   \x1b[01;31m\x1b[K^\x1b[m\x1b[K\n'}
[2.061861] (status_display) StderrLine: {'line': b'\x1b[01m\x1b[K/media/dubhe/store/learning/ros2_learning_experience/chapter3/topic_practise_ws/src/status_display/src/sys_status_display.cpp:\x1b[m\x1b[K In constructor \xe2\x80\x98\x1b[01m\x1b[KSysStatusDisplay::SysStatusDisplay()\x1b[m\x1b[K\xe2\x80\x99:\n'}
[2.061893] (status_display) StderrLine: {'line': b'\x1b[01m\x1b[K/media/dubhe/store/learning/ros2_learning_experience/chapter3/topic_practise_ws/src/status_display/src/sys_status_display.cpp:13:19:\x1b[m\x1b[K \x1b[01;31m\x1b[Kerror: \x1b[m\x1b[Kexpected \xe2\x80\x98\x1b[01m\x1b[K)\x1b[m\x1b[K\xe2\x80\x99 before \xe2\x80\x98\x1b[01m\x1b[K;\x1b[m\x1b[K\xe2\x80\x99 token\n'}
[2.061924] (status_display) StderrLine: {'line': b'\x1b[01m\x1b[K/media/dubhe/store/learning/ros2_learning_experience/chapter3/topic_practise_ws/src/status_display/src/sys_status_display.cpp:10:68:\x1b[m\x1b[K \x1b[01;36m\x1b[Knote: \x1b[m\x1b[Kto match this \xe2\x80\x98\x1b[01m\x1b[K(\x1b[m\x1b[K\xe2\x80\x99\n'}
[2.061956] (status_display) StderrLine: {'line': b'   10 |             subscription_ = this->create_subscription<SystemStatus>\x1b[01;36m\x1b[K(\x1b[m\x1b[K\n'}
[2.061986] (status_display) StderrLine: {'line': b'      |                                                                    \x1b[01;36m\x1b[K^\x1b[m\x1b[K\n'}
[2.062016] (status_display) StderrLine: {'line': b'\x1b[01m\x1b[K/media/dubhe/store/learning/ros2_learning_experience/chapter3/topic_practise_ws/src/status_display/src/sys_status_display.cpp:14:81:\x1b[m\x1b[K \x1b[01;31m\x1b[Kerror: \x1b[m\x1b[Kno matching function for call to \xe2\x80\x98\x1b[01m\x1b[Kmake_shared<SystemStatus>()\x1b[m\x1b[K\xe2\x80\x99\n'}
[2.062048] (status_display) StderrLine: {'line': b'   14 |             label_ = new QLabel(get_qstr_from_msg(\x1b[01;31m\x1b[Kstd::make_shared<SystemStatus>()\x1b[m\x1b[K));\n'}
[2.062080] (status_display) StderrLine: {'line': b'      |                                                   \x1b[01;31m\x1b[K~~~~~~~~~~~~~~~~~~~~~~~~~~~~~~^~\x1b[m\x1b[K\n'}
[2.062115] (status_display) StderrLine: {'line': b'In file included from \x1b[01m\x1b[K/usr/include/c++/11/memory:77\x1b[m\x1b[K,\n'}
[2.062147] (status_display) StderrLine: {'line': b'                 from \x1b[01m\x1b[K/usr/include/x86_64-linux-gnu/qt5/QtCore/qsharedpointer_impl.h:71\x1b[m\x1b[K,\n'}
[2.062179] (status_display) StderrLine: {'line': b'                 from \x1b[01m\x1b[K/usr/include/x86_64-linux-gnu/qt5/QtCore/qsharedpointer.h:48\x1b[m\x1b[K,\n'}
[2.062210] (status_display) StderrLine: {'line': b'                 from \x1b[01m\x1b[K/usr/include/x86_64-linux-gnu/qt5/QtGui/qpixmap.h:48\x1b[m\x1b[K,\n'}
[2.062241] (status_display) StderrLine: {'line': b'                 from \x1b[01m\x1b[K/usr/include/x86_64-linux-gnu/qt5/QtGui/qbrush.h:52\x1b[m\x1b[K,\n'}
[2.062274] (status_display) StderrLine: {'line': b'                 from \x1b[01m\x1b[K/usr/include/x86_64-linux-gnu/qt5/QtGui/qpalette.h:46\x1b[m\x1b[K,\n'}
[2.062305] (status_display) StderrLine: {'line': b'                 from \x1b[01m\x1b[K/usr/include/x86_64-linux-gnu/qt5/QtWidgets/qwidget.h:48\x1b[m\x1b[K,\n'}
[2.062335] (status_display) StderrLine: {'line': b'                 from \x1b[01m\x1b[K/usr/include/x86_64-linux-gnu/qt5/QtWidgets/qframe.h:44\x1b[m\x1b[K,\n'}
[2.062365] (status_display) StderrLine: {'line': b'                 from \x1b[01m\x1b[K/usr/include/x86_64-linux-gnu/qt5/QtWidgets/qlabel.h:44\x1b[m\x1b[K,\n'}
[2.062396] (status_display) StderrLine: {'line': b'                 from \x1b[01m\x1b[K/usr/include/x86_64-linux-gnu/qt5/QtWidgets/QLabel:1\x1b[m\x1b[K,\n'}
[2.062426] (status_display) StderrLine: {'line': b'                 from \x1b[01m\x1b[K/media/dubhe/store/learning/ros2_learning_experience/chapter3/topic_practise_ws/src/status_display/src/sys_status_display.cpp:2\x1b[m\x1b[K:\n'}
[2.062457] (status_display) StderrLine: {'line': b'\x1b[01m\x1b[K/usr/include/c++/11/bits/shared_ptr.h:875:5:\x1b[m\x1b[K \x1b[01;36m\x1b[Knote: \x1b[m\x1b[Kcandidate: \xe2\x80\x98\x1b[01m\x1b[Ktemplate<class _Tp, class ... _Args> std::shared_ptr<_Tp> std::make_shared(_Args&& ...)\x1b[m\x1b[K\xe2\x80\x99\n'}
[2.062488] (status_display) StderrLine: {'line': b'  875 |     \x1b[01;36m\x1b[Kmake_shared\x1b[m\x1b[K(_Args&&... __args)\n'}
[2.062519] (status_display) StderrLine: {'line': b'      |     \x1b[01;36m\x1b[K^~~~~~~~~~~\x1b[m\x1b[K\n'}
[2.062550] (status_display) StderrLine: {'line': b'\x1b[01m\x1b[K/usr/include/c++/11/bits/shared_ptr.h:875:5:\x1b[m\x1b[K \x1b[01;36m\x1b[Knote: \x1b[m\x1b[K  template argument deduction/substitution failed:\n'}
[2.069371] (status_display) StderrLine: {'line': b'\x1b[01m\x1b[K/media/dubhe/store/learning/ros2_learning_experience/chapter3/topic_practise_ws/src/status_display/src/sys_status_display.cpp:14:33:\x1b[m\x1b[K \x1b[01;31m\x1b[Kerror: \x1b[m\x1b[K\xe2\x80\x98\x1b[01m\x1b[Kget_qstr_from_msg\x1b[m\x1b[K\xe2\x80\x99 was not declared in this scope\n'}
[2.069539] (status_display) StderrLine: {'line': b'   14 |             label_ = new QLabel(\x1b[01;31m\x1b[Kget_qstr_from_msg\x1b[m\x1b[K(std::make_shared<SystemStatus>()));\n'}
[2.069577] (status_display) StderrLine: {'line': b'      |                                 \x1b[01;31m\x1b[K^~~~~~~~~~~~~~~~~\x1b[m\x1b[K\n'}
[2.069609] (status_display) StderrLine: {'line': b'\x1b[01m\x1b[K/media/dubhe/store/learning/ros2_learning_experience/chapter3/topic_practise_ws/src/status_display/src/sys_status_display.cpp:\x1b[m\x1b[K At global scope:\n'}
[2.069641] (status_display) StderrLine: {'line': b'\x1b[01m\x1b[K/media/dubhe/store/learning/ros2_learning_experience/chapter3/topic_practise_ws/src/status_display/src/sys_status_display.cpp:6:22:\x1b[m\x1b[K \x1b[01;31m\x1b[Kerror: \x1b[m\x1b[Ktwo or more data types in declaration of \xe2\x80\x98\x1b[01m\x1b[Ktype name\x1b[m\x1b[K\xe2\x80\x99\n'}
[2.069673] (status_display) StderrLine: {'line': b'    6 | using SystemStatus = \x1b[01;31m\x1b[Kstatus_interfaces\x1b[m\x1b[K::msg::SystemStatus\n'}
[2.069728] (status_display) StderrLine: {'line': b'      |                      \x1b[01;31m\x1b[K^~~~~~~~~~~~~~~~~\x1b[m\x1b[K\n'}
[2.073616] (status_display) StderrLine: {'line': b'\x1b[01m\x1b[K/media/dubhe/store/learning/ros2_learning_experience/chapter3/topic_practise_ws/src/status_display/src/sys_status_display.cpp:\x1b[m\x1b[K In function \xe2\x80\x98\x1b[01m\x1b[Kint main(int, char**)\x1b[m\x1b[K\xe2\x80\x99:\n'}
[2.073793] (status_display) StderrLine: {'line': b'\x1b[01m\x1b[K/media/dubhe/store/learning/ros2_learning_experience/chapter3/topic_practise_ws/src/status_display/src/sys_status_display.cpp:40:10:\x1b[m\x1b[K \x1b[01;31m\x1b[Kerror: \x1b[m\x1b[K\xe2\x80\x98\x1b[01m\x1b[Kthread_spin_thread\x1b[m\x1b[K\xe2\x80\x99 is not a member of \xe2\x80\x98\x1b[01m\x1b[Kstd\x1b[m\x1b[K\xe2\x80\x99\n'}
[2.073834] (status_display) StderrLine: {'line': b'   40 |     std::\x1b[01;31m\x1b[Kthread_spin_thread\x1b[m\x1b[K([&]() -> void{\n'}
[2.073877] (status_display) StderrLine: {'line': b'      |          \x1b[01;31m\x1b[K^~~~~~~~~~~~~~~~~~\x1b[m\x1b[K\n'}
[2.106469] (-) TimerEvent: {}
[2.206888] (-) TimerEvent: {}
[2.307192] (-) TimerEvent: {}
[2.407538] (-) TimerEvent: {}
[2.507921] (-) TimerEvent: {}
[2.608293] (-) TimerEvent: {}
[2.708565] (-) TimerEvent: {}
[2.729832] (status_display) StderrLine: {'line': b'gmake[2]: *** [CMakeFiles/sys_status_display.dir/build.make:76\xef\xbc\x9aCMakeFiles/sys_status_display.dir/src/sys_status_display.cpp.o] \xe9\x94\x99\xe8\xaf\xaf 1\n'}
[2.730009] (status_display) StderrLine: {'line': b'gmake[1]: *** [CMakeFiles/Makefile2:139\xef\xbc\x9aCMakeFiles/sys_status_display.dir/all] \xe9\x94\x99\xe8\xaf\xaf 2\n'}
[2.730152] (status_display) StderrLine: {'line': b'gmake: *** [Makefile:146\xef\xbc\x9aall] \xe9\x94\x99\xe8\xaf\xaf 2\n'}
[2.732041] (status_display) CommandEnded: {'returncode': 2}
[2.738161] (status_display) JobEnded: {'identifier': 'status_display', 'rc': 2}
[2.748722] (-) EventReactorShutdown: {}
