[01m[K/media/dubhe/store/learning/ros2_learning_experience/chapter3/topic_practise_ws/src/status_display/src/sys_status_display.cpp:[m[K In lambda function:
[01m[K/media/dubhe/store/learning/ros2_learning_experience/chapter3/topic_practise_ws/src/status_display/src/sys_status_display.cpp:13:37:[m[K [01;31m[Kerror: [m[Kâ€˜[01m[Kget_qstr_from_msg[m[Kâ€™ was not declared in this scope; did you mean â€˜[01m[Kget_qstr_form_msg[m[Kâ€™?
   13 |                     label_->setText([01;31m[Kget_qstr_from_msg[m[K(msg));
      |                                     [01;31m[K^~~~~~~~~~~~~~~~~[m[K
      |                                     [32m[Kget_qstr_form_msg[m[K
[01m[K/media/dubhe/store/learning/ros2_learning_experience/chapter3/topic_practise_ws/src/status_display/src/sys_status_display.cpp:[m[K In constructor â€˜[01m[KSysStatusDisplay::SysStatusDisplay()[m[Kâ€™:
[01m[K/media/dubhe/store/learning/ros2_learning_experience/chapter3/topic_practise_ws/src/status_display/src/sys_status_display.cpp:15:33:[m[K [01;31m[Kerror: [m[Kâ€˜[01m[Kget_qstr_from_msg[m[Kâ€™ was not declared in this scope; did you mean â€˜[01m[Kget_qstr_form_msg[m[Kâ€™?
   15 |             label_ = new QLabel([01;31m[Kget_qstr_from_msg[m[K(std::make_shared<SystemStatus>()));
      |                                 [01;31m[K^~~~~~~~~~~~~~~~~[m[K
      |                                 [32m[Kget_qstr_form_msg[m[K
gmake[2]: *** [CMakeFiles/sys_status_display.dir/build.make:76ï¼šCMakeFiles/sys_status_display.dir/src/sys_status_display.cpp.o] é”™è¯¯ 1
gmake[1]: *** [CMakeFiles/Makefile2:139ï¼šCMakeFiles/sys_status_display.dir/all] é”™è¯¯ 2
gmake: *** [Makefile:146ï¼šall] é”™è¯¯ 2
