[0.008s] Invoking command in '/media/dubhe/store/learning/ros2_learning_experience/chapter3/topic_practise_ws/src/build/status_display': AMENT_PREFIX_PATH=/media/dubhe/store/learning/ros2_learning_experience/chapter3/topic_practise_ws/src/install/status_interfaces:${AMENT_PREFIX_PATH} CMAKE_PREFIX_PATH=/media/dubhe/store/learning/ros2_learning_experience/chapter3/topic_practise_ws/src/install/status_interfaces:/opt/ros/humble LD_LIBRARY_PATH=/media/dubhe/store/learning/ros2_learning_experience/chapter3/topic_practise_ws/src/install/status_interfaces/lib:${LD_LIBRARY_PATH} PYTHONPATH=/media/dubhe/store/learning/ros2_learning_experience/chapter3/topic_practise_ws/src/install/status_interfaces/local/lib/python3.10/dist-packages:${PYTHONPATH} /usr/bin/cmake --build /media/dubhe/store/learning/ros2_learning_experience/chapter3/topic_practise_ws/src/build/status_display -- -j16 -l16
[0.036s] [35m[1mConsolidate compiler generated dependencies of target sys_status_display[0m
[0.042s] [ 50%] Built target hello_qt
[0.048s] [ 75%] [32mBuilding CXX object CMakeFiles/sys_status_display.dir/src/sys_status_display.cpp.o[0m
[1.972s] [01m[K/media/dubhe/store/learning/ros2_learning_experience/chapter3/topic_practise_ws/src/status_display/src/sys_status_display.cpp:[m[K In lambda function:
[1.972s] [01m[K/media/dubhe/store/learning/ros2_learning_experience/chapter3/topic_practise_ws/src/status_display/src/sys_status_display.cpp:13:37:[m[K [01;31m[Kerror: [m[Kâ€˜[01m[Kget_qstr_from_msg[m[Kâ€™ was not declared in this scope; did you mean â€˜[01m[Kget_qstr_form_msg[m[Kâ€™?
[1.972s]    13 |                     label_->setText([01;31m[Kget_qstr_from_msg[m[K(msg));
[1.972s]       |                                     [01;31m[K^~~~~~~~~~~~~~~~~[m[K
[1.972s]       |                                     [32m[Kget_qstr_form_msg[m[K
[1.979s] [01m[K/media/dubhe/store/learning/ros2_learning_experience/chapter3/topic_practise_ws/src/status_display/src/sys_status_display.cpp:[m[K In constructor â€˜[01m[KSysStatusDisplay::SysStatusDisplay()[m[Kâ€™:
[1.979s] [01m[K/media/dubhe/store/learning/ros2_learning_experience/chapter3/topic_practise_ws/src/status_display/src/sys_status_display.cpp:15:33:[m[K [01;31m[Kerror: [m[Kâ€˜[01m[Kget_qstr_from_msg[m[Kâ€™ was not declared in this scope; did you mean â€˜[01m[Kget_qstr_form_msg[m[Kâ€™?
[1.979s]    15 |             label_ = new QLabel([01;31m[Kget_qstr_from_msg[m[K(std::make_shared<SystemStatus>()));
[1.979s]       |                                 [01;31m[K^~~~~~~~~~~~~~~~~[m[K
[1.979s]       |                                 [32m[Kget_qstr_form_msg[m[K
[3.681s] gmake[2]: *** [CMakeFiles/sys_status_display.dir/build.make:76ï¼šCMakeFiles/sys_status_display.dir/src/sys_status_display.cpp.o] é”™è¯¯ 1
[3.681s] gmake[1]: *** [CMakeFiles/Makefile2:139ï¼šCMakeFiles/sys_status_display.dir/all] é”™è¯¯ 2
[3.681s] gmake: *** [Makefile:146ï¼šall] é”™è¯¯ 2
[3.683s] Invoked command in '/media/dubhe/store/learning/ros2_learning_experience/chapter3/topic_practise_ws/src/build/status_display' returned '2': AMENT_PREFIX_PATH=/media/dubhe/store/learning/ros2_learning_experience/chapter3/topic_practise_ws/src/install/status_interfaces:${AMENT_PREFIX_PATH} CMAKE_PREFIX_PATH=/media/dubhe/store/learning/ros2_learning_experience/chapter3/topic_practise_ws/src/install/status_interfaces:/opt/ros/humble LD_LIBRARY_PATH=/media/dubhe/store/learning/ros2_learning_experience/chapter3/topic_practise_ws/src/install/status_interfaces/lib:${LD_LIBRARY_PATH} PYTHONPATH=/media/dubhe/store/learning/ros2_learning_experience/chapter3/topic_practise_ws/src/install/status_interfaces/local/lib/python3.10/dist-packages:${PYTHONPATH} /usr/bin/cmake --build /media/dubhe/store/learning/ros2_learning_experience/chapter3/topic_practise_ws/src/build/status_display -- -j16 -l16
